<?xml version="1.0" encoding="UTF-8"?>
<!-- Generated by org.testng.reporters.JUnitReportReporter -->
<testsuite hostname="DESKTOP-P8R83OF" failures="0" tests="2" name="org.rahulshettyacademy.eCommerce_tc_4_Hybrid" time="113.042" errors="0" timestamp="2022-12-28T15:44:47 IST" skipped="0">
  <testcase classname="org.rahulshettyacademy.eCommerce_tc_4_Hybrid" name="FillForm" time="57.368"/>
  <system-out/>
  <testcase classname="org.rahulshettyacademy.eCommerce_tc_4_Hybrid" name="FillForm" time="55.674"/>
  <system-out/>
</testsuite> <!-- org.rahulshettyacademy.eCommerce_tc_4_Hybrid -->
